#
# A fatal error has been detected by the Java Runtime Environment:
#
#  Internal Error (javaClasses.cpp:136), pid=1884, tid=5744
#  fatal error: Invalid layout of preloaded class
#
# JRE version:  (7.0_55-b14) (build )
# Java VM: Java HotSpot(TM) Client VM (24.55-b03 mixed mode windows-x86 )
# Failed to write core dump. Minidumps are not enabled by default on client versions of Windows
#
# If you would like to submit a bug report, please visit:
#   http://bugreport.sun.com/bugreport/crash.jsp
#

---------------  T H R E A D  ---------------

Current thread (0x001fc400):  JavaThread "Unknown thread" [_thread_in_vm, id=5744, stack(0x00a20000,0x00a70000)]

Stack: [0x00a20000,0x00a70000],  sp=0x00a6f854,  free space=318k
Native frames: (J=compiled Java code, j=interpreted, Vv=VM code, C=native code)
V  [jvm.dll+0x18e051]
V  [jvm.dll+0x187dd6]
V  [jvm.dll+0x358ba]
V  [jvm.dll+0x35946]
V  [jvm.dll+0x43fed]
V  [jvm.dll+0x4429e]
V  [jvm.dll+0x926aa]
V  [jvm.dll+0x92a5b]
V  [jvm.dll+0x13db41]
V  [jvm.dll+0x1606ac]
V  [jvm.dll+0xc8e1f]
C  [javaw.exe+0x13ce]
C  [javaw.exe+0x1e40]
C  [javaw.exe+0xa5b1]
C  [javaw.exe+0xa63b]
C  [kernel32.dll+0x1338a]
C  [ntdll.dll+0x39f72]
C  [ntdll.dll+0x39f45]


---------------  P R O C E S S  ---------------

Java Threads: ( => current thread )

Other Threads:

=>0x001fc400 (exited) JavaThread "Unknown thread" [_thread_in_vm, id=5744, stack(0x00a20000,0x00a70000)]

VM state:not at safepoint (not fully initialized)

VM Mutex/Monitor currently owned by a thread: None

GC Heap History (0 events):
No events

Deoptimization events (0 events):
No events

Internal exceptions (0 events):
No events

Events (10 events):
Event: 0.072 loading class 0x00389830 done
Event: 0.072 loading class 0x003892c0 done
Event: 0.072 loading class 0x003892a0
Event: 0.072 loading class 0x003905c8
Event: 0.072 loading class 0x003905c8 done
Event: 0.072 loading class 0x003905f8
Event: 0.072 loading class 0x003905f8 done
Event: 0.072 loading class 0x00390628
Event: 0.073 loading class 0x00390628 done
Event: 0.073 loading class 0x003892a0 done


Dynamic libraries:
0x00a70000 - 0x00a9f000 	C:\Program Files (x86)\Java\jre7\bin\javaw.exe
0x773f0000 - 0x77570000 	C:\Windows\SysWOW64\ntdll.dll
0x76280000 - 0x76390000 	C:\Windows\syswow64\kernel32.dll
0x76940000 - 0x76987000 	C:\Windows\syswow64\KERNELBASE.dll
0x761e0000 - 0x76280000 	C:\Windows\syswow64\ADVAPI32.dll
0x76030000 - 0x760dc000 	C:\Windows\syswow64\msvcrt.dll
0x766d0000 - 0x766e9000 	C:\Windows\SysWOW64\sechost.dll
0x766f0000 - 0x767e0000 	C:\Windows\syswow64\RPCRT4.dll
0x74e20000 - 0x74e80000 	C:\Windows\syswow64\SspiCli.dll
0x74e10000 - 0x74e1c000 	C:\Windows\syswow64\CRYPTBASE.dll
0x76e30000 - 0x76f30000 	C:\Windows\syswow64\USER32.dll
0x76bc0000 - 0x76c50000 	C:\Windows\syswow64\GDI32.dll
0x76cf0000 - 0x76cfa000 	C:\Windows\syswow64\LPK.dll
0x76510000 - 0x765ad000 	C:\Windows\syswow64\USP10.dll
0x72980000 - 0x72b1e000 	C:\Windows\WinSxS\x86_microsoft.windows.common-controls_6595b64144ccf1df_6.0.7601.17514_none_41e6975e2bd6f2b2\COMCTL32.dll
0x764a0000 - 0x764f7000 	C:\Windows\syswow64\SHLWAPI.dll
0x76440000 - 0x764a0000 	C:\Windows\system32\IMM32.DLL
0x760e0000 - 0x761ac000 	C:\Windows\syswow64\MSCTF.dll
0x65ad0000 - 0x65b8f000 	C:\Program Files (x86)\Java\jre7\bin\msvcr100.dll
0x73c80000 - 0x74000000 	C:\Program Files (x86)\Java\jre7\bin\client\jvm.dll
0x72940000 - 0x72947000 	C:\Windows\system32\WSOCK32.dll
0x75da0000 - 0x75dd5000 	C:\Windows\syswow64\WS2_32.dll
0x74f20000 - 0x74f26000 	C:\Windows\syswow64\NSI.dll
0x70f40000 - 0x70f72000 	C:\Windows\system32\WINMM.dll
0x773c0000 - 0x773c5000 	C:\Windows\syswow64\PSAPI.DLL
0x74c40000 - 0x74c4c000 	C:\Program Files (x86)\Java\jre7\bin\verify.dll
0x73ba0000 - 0x73bc0000 	C:\Program Files (x86)\Java\jre7\bin\java.dll
0x73b80000 - 0x73b93000 	C:\Program Files (x86)\Java\jre7\bin\zip.dll
0x71d60000 - 0x71e4b000 	C:\Windows\system32\dbghelp.dll

VM Arguments:
jvm_args: -Dfile.encoding=Cp1255 -Xbootclasspath:C:\Users\Eliran Turjeman\Desktop\Ex4\adt-bundle-windows-x86-20140321\sdk\platforms\android-19\android.jar 
java_command: org.eclipse.jdt.internal.junit.runner.RemoteTestRunner -version 3 -port 53731 -testLoaderClass org.eclipse.jdt.internal.junit.runner.junit3.JUnit3TestLoader -loaderpluginname org.eclipse.jdt.junit.runtime -classNames com.blindmatchrace.test.SaveKmlJUnitTest
Launcher Type: SUN_STANDARD

Environment Variables:
CLASSPATH=.;C:\Program Files (x86)\Java\jre7\lib\ext\QTJava.zip
PATH=C:/Program Files (x86)/Java/jre7/bin/client;C:/Program Files (x86)/Java/jre7/bin;C:/Program Files (x86)/Java/jre7/lib/i386;C:\Program Files (x86)\iis express\PHP\v5.3;C:\Program Files (x86)\PC Connectivity Solution\;C:\Windows\system32;C:\Windows;C:\Windows\System32\Wbem;C:\Windows\System32\WindowsPowerShell\v1.0\;C:\Program Files (x86)\QuickTime\QTSystem\;C:\Program Files (x86)\Google\Google Apps Sync\;C:\Program Files (x86)\Google\Google Apps Migration\;C:\Program Files\MATLAB\R2012a\runtime\win64;C:\Program Files\MATLAB\R2012a\bin;C:\Program Files\MATLAB\R2011a\runtime\win64;C:\Program Files\MATLAB\R2011a\bin;C:\Windows\System32\WindowsPowerShell\v1.0\;C:\Windows\System32\WindowsPowerShell\v1.0\;C:\Users\Eliran Turjeman\Desktop\Ex4\adt-bundle-windows-x86-20140321\eclipse;
USERNAME=Eliran Turjeman
OS=Windows_NT
PROCESSOR_IDENTIFIER=Intel64 Family 6 Model 37 Stepping 2, GenuineIntel



---------------  S Y S T E M  ---------------

OS: Windows 7 , 64 bit Build 7601 Service Pack 1

CPU:total 4 (2 cores per cpu, 2 threads per core) family 6 model 37 stepping 2, cmov, cx8, fxsr, mmx, sse, sse2, sse3, ssse3, sse4.1, sse4.2, popcnt, ht, tsc, tscinvbit

Memory: 4k page, physical 3987312k(1452604k free), swap 7972760k(4727348k free)

vm_info: Java HotSpot(TM) Client VM (24.55-b03) for windows-x86 JRE (1.7.0_55-b14), built on Apr 14 2014 18:25:32 by "java_re" with unknown MS VC++:1600

time: Mon May 12 22:47:08 2014
elapsed time: 0 seconds

